  [4;36;1mSQL (0.000177)[0m   [0;1mSET NAMES 'utf8'[0m
  [4;35;1mSQL (0.000074)[0m   [0mSET SQL_AUTO_IS_NULL=0[0m
  [4;36;1mSQL (0.000350)[0m   [0;1mCREATE DATABASE `gmaps_demo_development` DEFAULT CHARACTER SET `utf8` COLLATE `utf8_general_ci`[0m
  [4;36;1mSQL (0.000182)[0m   [0;1mSET NAMES 'utf8'[0m
  [4;35;1mSQL (0.000066)[0m   [0mSET SQL_AUTO_IS_NULL=0[0m
  [4;36;1mSQL (0.000079)[0m   [0;1mSET NAMES 'utf8'[0m
  [4;35;1mSQL (0.000062)[0m   [0mSET SQL_AUTO_IS_NULL=0[0m
  [4;36;1mSQL (0.000329)[0m   [0;1mCREATE DATABASE `gmaps_demo_test` DEFAULT CHARACTER SET `utf8` COLLATE `utf8_general_ci`[0m
  [4;36;1mSQL (0.000174)[0m   [0;1mSET NAMES 'utf8'[0m
  [4;35;1mSQL (0.000063)[0m   [0mSET SQL_AUTO_IS_NULL=0[0m
  [4;36;1mSQL (0.001124)[0m   [0;1mCREATE TABLE `schema_info` (version int(11))[0m
  [4;35;1mSQL (0.000318)[0m   [0mINSERT INTO `schema_info` (version) VALUES(0)[0m
  [4;36;1mSQL (0.000240)[0m   [0;1mSELECT * FROM schema_info[0m
  [4;35;1mSQL (0.000248)[0m   [0mSHOW TABLES[0m
  [4;36;1mSQL (0.000077)[0m   [0;1mSET NAMES 'utf8'[0m
  [4;35;1mSQL (0.000062)[0m   [0mSET SQL_AUTO_IS_NULL=0[0m
  [4;36;1mSQL (0.000375)[0m   [0;1mDROP DATABASE IF EXISTS `gmaps_demo_test`[0m
  [4;35;1mSQL (0.043728)[0m   [0mCREATE DATABASE `gmaps_demo_test` DEFAULT CHARACTER SET `utf8`[0m
  [4;36;1mSQL (0.000114)[0m   [0;1mSET NAMES 'utf8'[0m
  [4;35;1mSQL (0.000064)[0m   [0mSET SQL_AUTO_IS_NULL=0[0m
  [4;36;1mSQL (0.001006)[0m   [0;1mCREATE TABLE `schema_info` (version int(11))[0m
  [4;35;1mSQL (0.000312)[0m   [0mINSERT INTO `schema_info` (version) VALUES(0)[0m
  [4;36;1mSQL (0.001238)[0m   [0;1mSHOW FIELDS FROM `schema_info`[0m
  [4;35;1mSQL (0.001339)[0m   [0mUPDATE schema_info SET version = 0[0m
  [4;36;1mSQL (0.000179)[0m   [0;1mSET NAMES 'utf8'[0m
  [4;35;1mSQL (0.000083)[0m   [0mSET SQL_AUTO_IS_NULL=0[0m
  [4;36;1mSQL (0.000000)[0m   [0;1mMysql::Error: Table 'schema_info' already exists: CREATE TABLE `schema_info` (version int(11))[0m
  [4;35;1mSQL (0.000285)[0m   [0mSELECT version FROM schema_info[0m
  [4;36;1mSQL (0.000198)[0m   [0;1mSET NAMES 'utf8'[0m
  [4;35;1mSQL (0.000063)[0m   [0mSET SQL_AUTO_IS_NULL=0[0m
  [4;36;1mSQL (0.000000)[0m   [0;1mMysql::Error: Table 'schema_info' already exists: CREATE TABLE `schema_info` (version int(11))[0m
  [4;35;1mSQL (0.000000)[0m   [0mMysql::Error: Table 'schema_info' already exists: CREATE TABLE `schema_info` (version int(11))[0m
  [4;36;1mSQL (0.000243)[0m   [0;1mSELECT version FROM schema_info[0m
Migrating to CreateUsers (1)
  [4;35;1mSQL (0.000000)[0m   [0mMysql::Error: Unknown table 'users': DROP TABLE `users`[0m
  [4;36;1mSQL (0.031584)[0m   [0;1mCREATE TABLE `users` (`id` int(11) DEFAULT NULL auto_increment PRIMARY KEY, `login` varchar(255) DEFAULT NULL, `email` varchar(255) DEFAULT NULL, `crypted_password` varchar(40) DEFAULT NULL, `salt` varchar(40) DEFAULT NULL, `created_at` datetime DEFAULT NULL, `updated_at` datetime DEFAULT NULL, `remember_token` varchar(255) DEFAULT NULL, `remember_token_expires_at` datetime DEFAULT NULL) ENGINE=InnoDB[0m
  [4;35;1mSQL (0.000204)[0m   [0mUPDATE schema_info SET version = 1[0m
  [4;36;1mSQL (0.000130)[0m   [0;1mSELECT * FROM schema_info[0m
  [4;35;1mSQL (0.000259)[0m   [0mSHOW TABLES[0m
  [4;36;1mSQL (0.001361)[0m   [0;1mSHOW FIELDS FROM `users`[0m
  [4;35;1mSQL (0.001217)[0m   [0mdescribe `users`[0m
  [4;36;1mSQL (0.000596)[0m   [0;1mSHOW KEYS FROM `users`[0m
  [4;36;1mSQL (0.000197)[0m   [0;1mSET NAMES 'utf8'[0m
  [4;35;1mSQL (0.000069)[0m   [0mSET SQL_AUTO_IS_NULL=0[0m
  [4;36;1mSQL (0.000000)[0m   [0;1mMysql::Error: Table 'schema_info' already exists: CREATE TABLE `schema_info` (version int(11))[0m
  [4;35;1mSQL (0.000285)[0m   [0mSELECT version FROM schema_info[0m
  [4;36;1mSQL (0.000119)[0m   [0;1mSELECT * FROM schema_info[0m
  [4;35;1mSQL (0.000270)[0m   [0mSHOW TABLES[0m
  [4;36;1mSQL (0.001375)[0m   [0;1mSHOW FIELDS FROM `users`[0m
  [4;35;1mSQL (0.001100)[0m   [0mdescribe `users`[0m
  [4;36;1mSQL (0.000202)[0m   [0;1mSHOW KEYS FROM `users`[0m
  [4;35;1mSQL (0.000082)[0m   [0mSET NAMES 'utf8'[0m
  [4;36;1mSQL (0.000063)[0m   [0;1mSET SQL_AUTO_IS_NULL=0[0m
  [4;35;1mSQL (0.000893)[0m   [0mDROP DATABASE IF EXISTS `gmaps_demo_test`[0m
  [4;36;1mSQL (0.000434)[0m   [0;1mCREATE DATABASE `gmaps_demo_test` DEFAULT CHARACTER SET `utf8`[0m
  [4;35;1mSQL (0.000088)[0m   [0mSET NAMES 'utf8'[0m
  [4;36;1mSQL (0.000080)[0m   [0;1mSET SQL_AUTO_IS_NULL=0[0m
  [4;35;1mSQL (0.000000)[0m   [0mMysql::Error: Unknown table 'users': DROP TABLE `users`[0m
  [4;36;1mSQL (0.002688)[0m   [0;1mCREATE TABLE `users` (`id` int(11) DEFAULT NULL auto_increment PRIMARY KEY, `login` varchar(255) DEFAULT NULL, `email` varchar(255) DEFAULT NULL, `crypted_password` varchar(40) DEFAULT NULL, `salt` varchar(40) DEFAULT NULL, `created_at` datetime DEFAULT NULL, `updated_at` datetime DEFAULT NULL, `remember_token` varchar(255) DEFAULT NULL, `remember_token_expires_at` datetime DEFAULT NULL) ENGINE=InnoDB[0m
  [4;35;1mSQL (0.001049)[0m   [0mCREATE TABLE `schema_info` (version int(11))[0m
  [4;36;1mSQL (0.000315)[0m   [0;1mINSERT INTO `schema_info` (version) VALUES(0)[0m
  [4;35;1mSQL (0.000940)[0m   [0mSHOW FIELDS FROM `schema_info`[0m
  [4;36;1mSQL (0.000234)[0m   [0;1mUPDATE schema_info SET version = 1[0m


Processing ApplicationController#index (for 127.0.0.1 at 2008-04-27 12:16:44) [GET]
  Session ID: 22968b1fefef811eb170bdebb8cbb218
  Parameters: {}


ActionController::RoutingError (No route matches "/" with {:method=>:get}):
    /opt/local/lib/ruby/gems/1.8/gems/actionpack-2.0.2/lib/action_controller/routing.rb:1441:in `recognize_path'
    /opt/local/lib/ruby/gems/1.8/gems/actionpack-2.0.2/lib/action_controller/routing.rb:1424:in `recognize'
    /opt/local/lib/ruby/gems/1.8/gems/actionpack-2.0.2/lib/action_controller/dispatcher.rb:170:in `handle_request'
    /opt/local/lib/ruby/gems/1.8/gems/actionpack-2.0.2/lib/action_controller/dispatcher.rb:115:in `dispatch'
    /opt/local/lib/ruby/gems/1.8/gems/actionpack-2.0.2/lib/action_controller/dispatcher.rb:126:in `dispatch_cgi'
    /opt/local/lib/ruby/gems/1.8/gems/actionpack-2.0.2/lib/action_controller/dispatcher.rb:9:in `dispatch'
    /opt/local/lib/ruby/gems/1.8/gems/mongrel-1.1.4/bin/../lib/mongrel/rails.rb:76:in `process'
    /opt/local/lib/ruby/gems/1.8/gems/mongrel-1.1.4/bin/../lib/mongrel/rails.rb:74:in `synchronize'
    /opt/local/lib/ruby/gems/1.8/gems/mongrel-1.1.4/bin/../lib/mongrel/rails.rb:74:in `process'
    /opt/local/lib/ruby/gems/1.8/gems/mongrel-1.1.4/bin/../lib/mongrel.rb:159:in `process_client'
    /opt/local/lib/ruby/gems/1.8/gems/mongrel-1.1.4/bin/../lib/mongrel.rb:158:in `each'
    /opt/local/lib/ruby/gems/1.8/gems/mongrel-1.1.4/bin/../lib/mongrel.rb:158:in `process_client'
    /opt/local/lib/ruby/gems/1.8/gems/mongrel-1.1.4/bin/../lib/mongrel.rb:285:in `run'
    /opt/local/lib/ruby/gems/1.8/gems/mongrel-1.1.4/bin/../lib/mongrel.rb:285:in `initialize'
    /opt/local/lib/ruby/gems/1.8/gems/mongrel-1.1.4/bin/../lib/mongrel.rb:285:in `new'
    /opt/local/lib/ruby/gems/1.8/gems/mongrel-1.1.4/bin/../lib/mongrel.rb:285:in `run'
    /opt/local/lib/ruby/gems/1.8/gems/mongrel-1.1.4/bin/../lib/mongrel.rb:268:in `initialize'
    /opt/local/lib/ruby/gems/1.8/gems/mongrel-1.1.4/bin/../lib/mongrel.rb:268:in `new'
    /opt/local/lib/ruby/gems/1.8/gems/mongrel-1.1.4/bin/../lib/mongrel.rb:268:in `run'
    /opt/local/lib/ruby/gems/1.8/gems/mongrel-1.1.4/bin/../lib/mongrel/configurator.rb:282:in `run'
    /opt/local/lib/ruby/gems/1.8/gems/mongrel-1.1.4/bin/../lib/mongrel/configurator.rb:281:in `each'
    /opt/local/lib/ruby/gems/1.8/gems/mongrel-1.1.4/bin/../lib/mongrel/configurator.rb:281:in `run'
    /opt/local/lib/ruby/gems/1.8/gems/mongrel-1.1.4/bin/mongrel_rails:128:in `run'
    /opt/local/lib/ruby/gems/1.8/gems/mongrel-1.1.4/bin/../lib/mongrel/command.rb:212:in `run'
    /opt/local/lib/ruby/gems/1.8/gems/mongrel-1.1.4/bin/mongrel_rails:281
    /opt/local/bin/mongrel_rails:19:in `load'
    /opt/local/bin/mongrel_rails:19

Rendering /opt/local/lib/ruby/gems/1.8/gems/actionpack-2.0.2/lib/action_controller/templates/rescues/layout.erb (not_found)


Processing UsersController#new (for 127.0.0.1 at 2008-04-27 12:16:48) [GET]
  Session ID: BAh7BiIKZmxhc2hJQzonQWN0aW9uQ29udHJvbGxlcjo6Rmxhc2g6OkZsYXNo%0ASGFzaHsABjoKQHVzZWR7AA%3D%3D--9d9b128ff62e6bcefc1cfb253468da9ec6ea6c6e
  Parameters: {"action"=>"new", "controller"=>"users"}
  [4;36;1mSQL (0.000183)[0m   [0;1mSET NAMES 'utf8'[0m
  [4;35;1mSQL (0.000074)[0m   [0mSET SQL_AUTO_IS_NULL=0[0m
Rendering template within layouts/application
Rendering users/new
Completed in 0.00468 (213 reqs/sec) | Rendering: 0.00307 (65%) | DB: 0.00026 (5%) | 200 OK [http://localhost/users/new]


Processing UsersController#new (for 127.0.0.1 at 2008-04-27 12:18:57) [GET]
  Session ID: BAh7BzoMY3NyZl9pZCIlZDdhMzRhNjU3NGY2ZDU0NmE0YTM5YWNiOGVhODZm%0AYjAiCmZsYXNoSUM6J0FjdGlvbkNvbnRyb2xsZXI6OkZsYXNoOjpGbGFzaEhh%0Ac2h7AAY6CkB1c2VkewA%3D--a665737be68441edac7653281102fa1388fe2fda
  Parameters: {"action"=>"new", "controller"=>"users"}
Rendering template within layouts/application
Rendering users/new
Completed in 0.00385 (259 reqs/sec) | Rendering: 0.00219 (56%) | DB: 0.00000 (0%) | 200 OK [http://localhost/users/new]


Processing UsersController#index (for 127.0.0.1 at 2008-04-27 12:19:00) [GET]
  Session ID: BAh7BzoMY3NyZl9pZCIlZDdhMzRhNjU3NGY2ZDU0NmE0YTM5YWNiOGVhODZm%0AYjAiCmZsYXNoSUM6J0FjdGlvbkNvbnRyb2xsZXI6OkZsYXNoOjpGbGFzaEhh%0Ac2h7AAY6CkB1c2VkewA%3D--a665737be68441edac7653281102fa1388fe2fda
  Parameters: {"action"=>"index", "controller"=>"users"}
Rendering template within layouts/application
Rendering users/index
Completed in 0.00278 (359 reqs/sec) | Rendering: 0.00112 (40%) | DB: 0.00000 (0%) | 200 OK [http://localhost/]


Processing UsersController#index (for 127.0.0.1 at 2008-04-27 12:19:29) [GET]
  Session ID: BAh7BzoMY3NyZl9pZCIlZDdhMzRhNjU3NGY2ZDU0NmE0YTM5YWNiOGVhODZm%0AYjAiCmZsYXNoSUM6J0FjdGlvbkNvbnRyb2xsZXI6OkZsYXNoOjpGbGFzaEhh%0Ac2h7AAY6CkB1c2VkewA%3D--a665737be68441edac7653281102fa1388fe2fda
  Parameters: {"action"=>"index", "controller"=>"users"}
Rendering template within layouts/application
Rendering users/index


ActionView::TemplateError (undefined local variable or method `users_new_path' for #<ActionView::Base:0x27aeb60>) on line #2 of users/index.html.erb:
1: User List
2: <%= link_to 'Add a new user', users_new_path %>
    app/views/users/index.html.erb:2:in `_run_erb_47app47views47users47index46html46erb'
    /opt/local/lib/ruby/gems/1.8/gems/actionpack-2.0.2/lib/action_view/base.rb:637:in `send'
    /opt/local/lib/ruby/gems/1.8/gems/actionpack-2.0.2/lib/action_view/base.rb:637:in `compile_and_render_template'
    /opt/local/lib/ruby/gems/1.8/gems/actionpack-2.0.2/lib/action_view/base.rb:365:in `render_template'
    /opt/local/lib/ruby/gems/1.8/gems/actionpack-2.0.2/lib/action_view/base.rb:316:in `render_file'
    /opt/local/lib/ruby/gems/1.8/gems/actionpack-2.0.2/lib/action_controller/base.rb:1100:in `render_for_file'
    /opt/local/lib/ruby/gems/1.8/gems/actionpack-2.0.2/lib/action_controller/base.rb:836:in `render_with_no_layout'
    /opt/local/lib/ruby/gems/1.8/gems/actionpack-2.0.2/lib/action_controller/layout.rb:262:in `render_without_benchmark'
    /opt/local/lib/ruby/gems/1.8/gems/actionpack-2.0.2/lib/action_controller/benchmarking.rb:51:in `render'
    /opt/local/lib/ruby/1.8/benchmark.rb:293:in `measure'
    /opt/local/lib/ruby/gems/1.8/gems/actionpack-2.0.2/lib/action_controller/benchmarking.rb:51:in `render'
    /opt/local/lib/ruby/gems/1.8/gems/actionpack-2.0.2/lib/action_controller/base.rb:1153:in `default_render'
    /opt/local/lib/ruby/gems/1.8/gems/actionpack-2.0.2/lib/action_controller/base.rb:1159:in `perform_action_without_filters'
    /opt/local/lib/ruby/gems/1.8/gems/actionpack-2.0.2/lib/action_controller/filters.rb:697:in `call_filters'
    /opt/local/lib/ruby/gems/1.8/gems/actionpack-2.0.2/lib/action_controller/filters.rb:689:in `perform_action_without_benchmark'
    /opt/local/lib/ruby/gems/1.8/gems/actionpack-2.0.2/lib/action_controller/benchmarking.rb:68:in `perform_action_without_rescue'
    /opt/local/lib/ruby/1.8/benchmark.rb:293:in `measure'
    /opt/local/lib/ruby/gems/1.8/gems/actionpack-2.0.2/lib/action_controller/benchmarking.rb:68:in `perform_action_without_rescue'
    /opt/local/lib/ruby/gems/1.8/gems/actionpack-2.0.2/lib/action_controller/rescue.rb:199:in `perform_action_without_caching'
    /opt/local/lib/ruby/gems/1.8/gems/actionpack-2.0.2/lib/action_controller/caching.rb:678:in `perform_action'
    /opt/local/lib/ruby/gems/1.8/gems/activerecord-2.0.2/lib/active_record/connection_adapters/abstract/query_cache.rb:33:in `cache'
    /opt/local/lib/ruby/gems/1.8/gems/activerecord-2.0.2/lib/active_record/query_cache.rb:8:in `cache'
    /opt/local/lib/ruby/gems/1.8/gems/actionpack-2.0.2/lib/action_controller/caching.rb:677:in `perform_action'
    /opt/local/lib/ruby/gems/1.8/gems/actionpack-2.0.2/lib/action_controller/base.rb:524:in `send'
    /opt/local/lib/ruby/gems/1.8/gems/actionpack-2.0.2/lib/action_controller/base.rb:524:in `process_without_filters'
    /opt/local/lib/ruby/gems/1.8/gems/actionpack-2.0.2/lib/action_controller/filters.rb:685:in `process_without_session_management_support'
    /opt/local/lib/ruby/gems/1.8/gems/actionpack-2.0.2/lib/action_controller/session_management.rb:123:in `process'
    /opt/local/lib/ruby/gems/1.8/gems/actionpack-2.0.2/lib/action_controller/base.rb:388:in `process'
    /opt/local/lib/ruby/gems/1.8/gems/actionpack-2.0.2/lib/action_controller/dispatcher.rb:171:in `handle_request'
    /opt/local/lib/ruby/gems/1.8/gems/actionpack-2.0.2/lib/action_controller/dispatcher.rb:115:in `dispatch'
    /opt/local/lib/ruby/gems/1.8/gems/actionpack-2.0.2/lib/action_controller/dispatcher.rb:126:in `dispatch_cgi'
    /opt/local/lib/ruby/gems/1.8/gems/actionpack-2.0.2/lib/action_controller/dispatcher.rb:9:in `dispatch'
    /opt/local/lib/ruby/gems/1.8/gems/mongrel-1.1.4/lib/mongrel/rails.rb:76:in `process'
    /opt/local/lib/ruby/gems/1.8/gems/mongrel-1.1.4/lib/mongrel/rails.rb:74:in `synchronize'
    /opt/local/lib/ruby/gems/1.8/gems/mongrel-1.1.4/lib/mongrel/rails.rb:74:in `process'
    /opt/local/lib/ruby/gems/1.8/gems/mongrel-1.1.4/lib/mongrel.rb:159:in `process_client'
    /opt/local/lib/ruby/gems/1.8/gems/mongrel-1.1.4/lib/mongrel.rb:158:in `each'
    /opt/local/lib/ruby/gems/1.8/gems/mongrel-1.1.4/lib/mongrel.rb:158:in `process_client'
    /opt/local/lib/ruby/gems/1.8/gems/mongrel-1.1.4/lib/mongrel.rb:285:in `run'
    /opt/local/lib/ruby/gems/1.8/gems/mongrel-1.1.4/lib/mongrel.rb:285:in `initialize'
    /opt/local/lib/ruby/gems/1.8/gems/mongrel-1.1.4/lib/mongrel.rb:285:in `new'
    /opt/local/lib/ruby/gems/1.8/gems/mongrel-1.1.4/lib/mongrel.rb:285:in `run'
    /opt/local/lib/ruby/gems/1.8/gems/mongrel-1.1.4/lib/mongrel.rb:268:in `initialize'
    /opt/local/lib/ruby/gems/1.8/gems/mongrel-1.1.4/lib/mongrel.rb:268:in `new'
    /opt/local/lib/ruby/gems/1.8/gems/mongrel-1.1.4/lib/mongrel.rb:268:in `run'
    /opt/local/lib/ruby/gems/1.8/gems/mongrel-1.1.4/lib/mongrel/configurator.rb:282:in `run'
    /opt/local/lib/ruby/gems/1.8/gems/mongrel-1.1.4/lib/mongrel/configurator.rb:281:in `each'
    /opt/local/lib/ruby/gems/1.8/gems/mongrel-1.1.4/lib/mongrel/configurator.rb:281:in `run'
    /opt/local/lib/ruby/gems/1.8/gems/mongrel-1.1.4/bin/mongrel_rails:128:in `run'
    /opt/local/lib/ruby/gems/1.8/gems/mongrel-1.1.4/lib/mongrel/command.rb:212:in `run'
    /opt/local/lib/ruby/gems/1.8/gems/mongrel-1.1.4/bin/mongrel_rails:281
    /opt/local/bin/mongrel_rails:19:in `load'
    /opt/local/bin/mongrel_rails:19

Rendering /opt/local/lib/ruby/gems/1.8/gems/actionpack-2.0.2/lib/action_controller/templates/rescues/layout.erb (internal_server_error)


Processing UsersController#index (for 127.0.0.1 at 2008-04-27 12:19:38) [GET]
  Session ID: BAh7BzoMY3NyZl9pZCIlZDdhMzRhNjU3NGY2ZDU0NmE0YTM5YWNiOGVhODZm%0AYjAiCmZsYXNoSUM6J0FjdGlvbkNvbnRyb2xsZXI6OkZsYXNoOjpGbGFzaEhh%0Ac2h7AAY6CkB1c2VkewA%3D--a665737be68441edac7653281102fa1388fe2fda
  Parameters: {"action"=>"index", "controller"=>"users"}
Rendering template within layouts/application
Rendering users/index
Completed in 0.00303 (330 reqs/sec) | Rendering: 0.00133 (43%) | DB: 0.00000 (0%) | 200 OK [http://localhost/]


Processing UsersController#index (for 127.0.0.1 at 2008-04-27 12:19:43) [GET]
  Session ID: BAh7BzoMY3NyZl9pZCIlZDdhMzRhNjU3NGY2ZDU0NmE0YTM5YWNiOGVhODZm%0AYjAiCmZsYXNoSUM6J0FjdGlvbkNvbnRyb2xsZXI6OkZsYXNoOjpGbGFzaEhh%0Ac2h7AAY6CkB1c2VkewA%3D--a665737be68441edac7653281102fa1388fe2fda
  Parameters: {"action"=>"index", "controller"=>"users"}
Rendering template within layouts/application
Rendering users/index
Completed in 0.00278 (360 reqs/sec) | Rendering: 0.00117 (41%) | DB: 0.00000 (0%) | 200 OK [http://localhost/]


Processing UsersController#new (for 127.0.0.1 at 2008-04-27 12:19:45) [GET]
  Session ID: BAh7BzoMY3NyZl9pZCIlZDdhMzRhNjU3NGY2ZDU0NmE0YTM5YWNiOGVhODZm%0AYjAiCmZsYXNoSUM6J0FjdGlvbkNvbnRyb2xsZXI6OkZsYXNoOjpGbGFzaEhh%0Ac2h7AAY6CkB1c2VkewA%3D--a665737be68441edac7653281102fa1388fe2fda
  Parameters: {"action"=>"new", "controller"=>"users"}
Rendering template within layouts/application
Rendering users/new
Completed in 0.00292 (341 reqs/sec) | Rendering: 0.00136 (46%) | DB: 0.00000 (0%) | 200 OK [http://localhost/users/new]


Processing UsersController#create (for 127.0.0.1 at 2008-04-27 12:19:50) [POST]
  Session ID: BAh7BzoMY3NyZl9pZCIlZDdhMzRhNjU3NGY2ZDU0NmE0YTM5YWNiOGVhODZm%0AYjAiCmZsYXNoSUM6J0FjdGlvbkNvbnRyb2xsZXI6OkZsYXNoOjpGbGFzaEhh%0Ac2h7AAY6CkB1c2VkewA%3D--a665737be68441edac7653281102fa1388fe2fda
  Parameters: {"user"=>{"password_confirmation"=>"", "login"=>"", "password"=>"", "email"=>""}, "commit"=>"Sign up", "authenticity_token"=>"c61f0db8090772190bce38122a168dd6c58d50a2", "action"=>"create", "controller"=>"users"}
Cookie set: auth_token=; path=/; expires=Thu, 01 Jan 1970 00:00:00 GMT
  [4;36;1mUser Columns (0.001498)[0m   [0;1mSHOW FIELDS FROM `users`[0m
  [4;35;1mSQL (0.000077)[0m   [0mBEGIN[0m
  [4;36;1mUser Load (0.000174)[0m   [0;1mSELECT * FROM `users` WHERE (LOWER(users.login) = '') LIMIT 1[0m
  [4;35;1mUser Load (0.000095)[0m   [0mSELECT * FROM `users` WHERE (LOWER(users.email) = '') LIMIT 1[0m
  [4;36;1mSQL (0.000077)[0m   [0;1mCOMMIT[0m
Rendering template within layouts/application
Rendering users/new
Completed in 0.01386 (72 reqs/sec) | Rendering: 0.00167 (12%) | DB: 0.00192 (13%) | 200 OK [http://localhost/users]


Processing UsersController#create (for 127.0.0.1 at 2008-04-27 12:19:55) [POST]
  Session ID: BAh7BzoMY3NyZl9pZCIlZDdhMzRhNjU3NGY2ZDU0NmE0YTM5YWNiOGVhODZm%0AYjAiCmZsYXNoSUM6J0FjdGlvbkNvbnRyb2xsZXI6OkZsYXNoOjpGbGFzaEhh%0Ac2h7AAY6CkB1c2VkewA%3D--a665737be68441edac7653281102fa1388fe2fda
  Parameters: {"user"=>{"password_confirmation"=>"azeaze", "login"=>"aze", "password"=>"azeaze", "email"=>"aze"}, "commit"=>"Sign up", "authenticity_token"=>"c61f0db8090772190bce38122a168dd6c58d50a2", "action"=>"create", "controller"=>"users"}
Cookie set: auth_token=; path=/; expires=Thu, 01 Jan 1970 00:00:00 GMT
  [4;35;1mUser Columns (0.001298)[0m   [0mSHOW FIELDS FROM `users`[0m
  [4;36;1mSQL (0.000323)[0m   [0;1mBEGIN[0m
  [4;35;1mUser Load (0.000264)[0m   [0mSELECT * FROM `users` WHERE (LOWER(users.login) = 'aze') LIMIT 1[0m
  [4;36;1mUser Load (0.000118)[0m   [0;1mSELECT * FROM `users` WHERE (LOWER(users.email) = 'aze') LIMIT 1[0m
  [4;35;1mUser Create (0.000169)[0m   [0mINSERT INTO `users` (`salt`, `updated_at`, `crypted_password`, `remember_token_expires_at`, `remember_token`, `login`, `created_at`, `email`) VALUES('5dfcb64f3344af0aa525a5db0f562fa0c36b318a', '2008-04-27 12:19:55', '2ea898eb79d68d05e770596954ea3194ea706598', NULL, NULL, 'aze', '2008-04-27 12:19:55', 'aze')[0m
  [4;36;1mSQL (0.000357)[0m   [0;1mCOMMIT[0m
Redirected to http://localhost:3000/
Completed in 0.01117 (89 reqs/sec) | DB: 0.00253 (22%) | 302 Found [http://localhost/users]


Processing UsersController#index (for 127.0.0.1 at 2008-04-27 12:19:55) [GET]
  Session ID: BAh7CToOcmV0dXJuX3RvMDoMdXNlcl9pZGkGOgxjc3JmX2lkIiVkN2EzNGE2%0ANTc0ZjZkNTQ2YTRhMzlhY2I4ZWE4NmZiMCIKZmxhc2hJQzonQWN0aW9uQ29u%0AdHJvbGxlcjo6Rmxhc2g6OkZsYXNoSGFzaHsGOgtub3RpY2UiG1RoYW5rcyBm%0Ab3Igc2lnbmluZyB1cCEGOgpAdXNlZHsGOwlU--1543ea72ae069980091c452cc425213098a36c86
  Parameters: {"action"=>"index", "controller"=>"users"}
Rendering template within layouts/application
Rendering users/index
Completed in 0.00254 (394 reqs/sec) | Rendering: 0.00091 (35%) | DB: 0.00000 (0%) | 200 OK [http://localhost/]


Processing UsersController#index (for 127.0.0.1 at 2008-04-27 14:40:45) [GET]
  Session ID: BAh7CToOcmV0dXJuX3RvMDoMdXNlcl9pZGkGOgxjc3JmX2lkIiVkN2EzNGE2%0ANTc0ZjZkNTQ2YTRhMzlhY2I4ZWE4NmZiMCIKZmxhc2hJQzonQWN0aW9uQ29u%0AdHJvbGxlcjo6Rmxhc2g6OkZsYXNoSGFzaHsABjoKQHVzZWR7AA%3D%3D--8a8aed31d6000cf0cd51ba66a59f7c35b3d4091e
  Parameters: {"action"=>"index", "controller"=>"users"}
  [4;36;1mSQL (0.000226)[0m   [0;1mSET NAMES 'utf8'[0m
  [4;35;1mSQL (0.000074)[0m   [0mSET SQL_AUTO_IS_NULL=0[0m
Rendering template within layouts/application
Rendering users/index
Rendered users/_user (0.00041)
Completed in 0.00469 (213 reqs/sec) | Rendering: 0.00289 (61%) | DB: 0.00030 (6%) | 200 OK [http://localhost/]


Processing UsersController#index (for 127.0.0.1 at 2008-04-27 14:42:04) [GET]
  Session ID: BAh7CToOcmV0dXJuX3RvMDoMdXNlcl9pZGkGOgxjc3JmX2lkIiVkN2EzNGE2%0ANTc0ZjZkNTQ2YTRhMzlhY2I4ZWE4NmZiMCIKZmxhc2hJQzonQWN0aW9uQ29u%0AdHJvbGxlcjo6Rmxhc2g6OkZsYXNoSGFzaHsABjoKQHVzZWR7AA%3D%3D--8a8aed31d6000cf0cd51ba66a59f7c35b3d4091e
  Parameters: {"action"=>"index", "controller"=>"users"}
Rendering template within layouts/application
Rendering users/index


ActionView::TemplateError (You have a nil object when you didn't expect it!
The error occurred while evaluating nil.login) on line #2 of users/_user.html.erb:
1: <tr>
2:   <td><%= user.login %></td>
3:   <td><%= user.email %></td>
4:   <td><%= user.created_at.to_s :short %></td>
5: </tr>

    app/views/users/_user.html.erb:2:in `_run_erb_47app47views47users47_user46html46erb'
    /opt/local/lib/ruby/gems/1.8/gems/actionpack-2.0.2/lib/action_view/base.rb:637:in `send'
    /opt/local/lib/ruby/gems/1.8/gems/actionpack-2.0.2/lib/action_view/base.rb:637:in `compile_and_render_template'
    /opt/local/lib/ruby/gems/1.8/gems/actionpack-2.0.2/lib/action_view/base.rb:365:in `render_template'
    /opt/local/lib/ruby/gems/1.8/gems/actionpack-2.0.2/lib/action_view/base.rb:316:in `render_file'
    /opt/local/lib/ruby/gems/1.8/gems/actionpack-2.0.2/lib/action_view/base.rb:331:in `render'
    /opt/local/lib/ruby/gems/1.8/gems/actionpack-2.0.2/lib/action_view/partials.rb:117:in `render_partial'
    /opt/local/lib/ruby/gems/1.8/gems/actionpack-2.0.2/lib/action_controller/benchmarking.rb:26:in `benchmark'
    /opt/local/lib/ruby/1.8/benchmark.rb:293:in `measure'
    /opt/local/lib/ruby/1.8/benchmark.rb:307:in `realtime'
    /opt/local/lib/ruby/gems/1.8/gems/actionpack-2.0.2/lib/action_controller/benchmarking.rb:26:in `benchmark'
    /opt/local/lib/ruby/gems/1.8/gems/actionpack-2.0.2/lib/action_view/partials.rb:116:in `render_partial'
    /opt/local/lib/ruby/gems/1.8/gems/actionpack-2.0.2/lib/action_view/base.rb:352:in `render'
    app/views/users/index.html.erb:8:in `_run_erb_47app47views47users47index46html46erb'
    /opt/local/lib/ruby/gems/1.8/gems/actionpack-2.0.2/lib/action_view/base.rb:637:in `send'
    /opt/local/lib/ruby/gems/1.8/gems/actionpack-2.0.2/lib/action_view/base.rb:637:in `compile_and_render_template'
    /opt/local/lib/ruby/gems/1.8/gems/actionpack-2.0.2/lib/action_view/base.rb:365:in `render_template'
    /opt/local/lib/ruby/gems/1.8/gems/actionpack-2.0.2/lib/action_view/base.rb:316:in `render_file'
    /opt/local/lib/ruby/gems/1.8/gems/actionpack-2.0.2/lib/action_controller/base.rb:1100:in `render_for_file'
    /opt/local/lib/ruby/gems/1.8/gems/actionpack-2.0.2/lib/action_controller/base.rb:836:in `render_with_no_layout'
    /opt/local/lib/ruby/gems/1.8/gems/actionpack-2.0.2/lib/action_controller/layout.rb:262:in `render_without_benchmark'
    /opt/local/lib/ruby/gems/1.8/gems/actionpack-2.0.2/lib/action_controller/benchmarking.rb:51:in `render'
    /opt/local/lib/ruby/1.8/benchmark.rb:293:in `measure'
    /opt/local/lib/ruby/gems/1.8/gems/actionpack-2.0.2/lib/action_controller/benchmarking.rb:51:in `render'
    /opt/local/lib/ruby/gems/1.8/gems/actionpack-2.0.2/lib/action_controller/base.rb:1153:in `default_render'
    /opt/local/lib/ruby/gems/1.8/gems/actionpack-2.0.2/lib/action_controller/base.rb:1159:in `perform_action_without_filters'
    /opt/local/lib/ruby/gems/1.8/gems/actionpack-2.0.2/lib/action_controller/filters.rb:697:in `call_filters'
    /opt/local/lib/ruby/gems/1.8/gems/actionpack-2.0.2/lib/action_controller/filters.rb:689:in `perform_action_without_benchmark'
    /opt/local/lib/ruby/gems/1.8/gems/actionpack-2.0.2/lib/action_controller/benchmarking.rb:68:in `perform_action_without_rescue'
    /opt/local/lib/ruby/1.8/benchmark.rb:293:in `measure'
    /opt/local/lib/ruby/gems/1.8/gems/actionpack-2.0.2/lib/action_controller/benchmarking.rb:68:in `perform_action_without_rescue'
    /opt/local/lib/ruby/gems/1.8/gems/actionpack-2.0.2/lib/action_controller/rescue.rb:199:in `perform_action_without_caching'
    /opt/local/lib/ruby/gems/1.8/gems/actionpack-2.0.2/lib/action_controller/caching.rb:678:in `perform_action'
    /opt/local/lib/ruby/gems/1.8/gems/activerecord-2.0.2/lib/active_record/connection_adapters/abstract/query_cache.rb:33:in `cache'
    /opt/local/lib/ruby/gems/1.8/gems/activerecord-2.0.2/lib/active_record/query_cache.rb:8:in `cache'
    /opt/local/lib/ruby/gems/1.8/gems/actionpack-2.0.2/lib/action_controller/caching.rb:677:in `perform_action'
    /opt/local/lib/ruby/gems/1.8/gems/actionpack-2.0.2/lib/action_controller/base.rb:524:in `send'
    /opt/local/lib/ruby/gems/1.8/gems/actionpack-2.0.2/lib/action_controller/base.rb:524:in `process_without_filters'
    /opt/local/lib/ruby/gems/1.8/gems/actionpack-2.0.2/lib/action_controller/filters.rb:685:in `process_without_session_management_support'
    /opt/local/lib/ruby/gems/1.8/gems/actionpack-2.0.2/lib/action_controller/session_management.rb:123:in `process'
    /opt/local/lib/ruby/gems/1.8/gems/actionpack-2.0.2/lib/action_controller/base.rb:388:in `process'
    /opt/local/lib/ruby/gems/1.8/gems/actionpack-2.0.2/lib/action_controller/dispatcher.rb:171:in `handle_request'
    /opt/local/lib/ruby/gems/1.8/gems/actionpack-2.0.2/lib/action_controller/dispatcher.rb:115:in `dispatch'
    /opt/local/lib/ruby/gems/1.8/gems/actionpack-2.0.2/lib/action_controller/dispatcher.rb:126:in `dispatch_cgi'
    /opt/local/lib/ruby/gems/1.8/gems/actionpack-2.0.2/lib/action_controller/dispatcher.rb:9:in `dispatch'
    /opt/local/lib/ruby/gems/1.8/gems/mongrel-1.1.4/lib/mongrel/rails.rb:76:in `process'
    /opt/local/lib/ruby/gems/1.8/gems/mongrel-1.1.4/lib/mongrel/rails.rb:74:in `synchronize'
    /opt/local/lib/ruby/gems/1.8/gems/mongrel-1.1.4/lib/mongrel/rails.rb:74:in `process'
    /opt/local/lib/ruby/gems/1.8/gems/mongrel-1.1.4/lib/mongrel.rb:159:in `process_client'
    /opt/local/lib/ruby/gems/1.8/gems/mongrel-1.1.4/lib/mongrel.rb:158:in `each'
    /opt/local/lib/ruby/gems/1.8/gems/mongrel-1.1.4/lib/mongrel.rb:158:in `process_client'
    /opt/local/lib/ruby/gems/1.8/gems/mongrel-1.1.4/lib/mongrel.rb:285:in `run'
    /opt/local/lib/ruby/gems/1.8/gems/mongrel-1.1.4/lib/mongrel.rb:285:in `initialize'
    /opt/local/lib/ruby/gems/1.8/gems/mongrel-1.1.4/lib/mongrel.rb:285:in `new'
    /opt/local/lib/ruby/gems/1.8/gems/mongrel-1.1.4/lib/mongrel.rb:285:in `run'
    /opt/local/lib/ruby/gems/1.8/gems/mongrel-1.1.4/lib/mongrel.rb:268:in `initialize'
    /opt/local/lib/ruby/gems/1.8/gems/mongrel-1.1.4/lib/mongrel.rb:268:in `new'
    /opt/local/lib/ruby/gems/1.8/gems/mongrel-1.1.4/lib/mongrel.rb:268:in `run'
    /opt/local/lib/ruby/gems/1.8/gems/mongrel-1.1.4/lib/mongrel/configurator.rb:282:in `run'
    /opt/local/lib/ruby/gems/1.8/gems/mongrel-1.1.4/lib/mongrel/configurator.rb:281:in `each'
    /opt/local/lib/ruby/gems/1.8/gems/mongrel-1.1.4/lib/mongrel/configurator.rb:281:in `run'
    /opt/local/lib/ruby/gems/1.8/gems/mongrel-1.1.4/bin/mongrel_rails:128:in `run'
    /opt/local/lib/ruby/gems/1.8/gems/mongrel-1.1.4/lib/mongrel/command.rb:212:in `run'
    /opt/local/lib/ruby/gems/1.8/gems/mongrel-1.1.4/bin/mongrel_rails:281
    /opt/local/bin/mongrel_rails:19:in `load'
    /opt/local/bin/mongrel_rails:19

Rendering /opt/local/lib/ruby/gems/1.8/gems/actionpack-2.0.2/lib/action_controller/templates/rescues/layout.erb (internal_server_error)
  [4;36;1mSQL (0.000174)[0m   [0;1mSET NAMES 'utf8'[0m
  [4;35;1mSQL (0.000064)[0m   [0mSET SQL_AUTO_IS_NULL=0[0m


Processing UsersController#index (for 127.0.0.1 at 2008-04-27 14:42:17) [GET]
  Session ID: BAh7CToOcmV0dXJuX3RvMDoMdXNlcl9pZGkGOgxjc3JmX2lkIiVkN2EzNGE2%0ANTc0ZjZkNTQ2YTRhMzlhY2I4ZWE4NmZiMCIKZmxhc2hJQzonQWN0aW9uQ29u%0AdHJvbGxlcjo6Rmxhc2g6OkZsYXNoSGFzaHsABjoKQHVzZWR7AA%3D%3D--8a8aed31d6000cf0cd51ba66a59f7c35b3d4091e
  Parameters: {"action"=>"index", "controller"=>"users"}
  [4;36;1mSQL (0.000208)[0m   [0;1mSET NAMES 'utf8'[0m
  [4;35;1mSQL (0.000075)[0m   [0mSET SQL_AUTO_IS_NULL=0[0m
Rendering template within layouts/application
Rendering users/index


ActionView::TemplateError (You have a nil object when you didn't expect it!
The error occurred while evaluating nil.login) on line #2 of users/_user.html.erb:
1: <tr>
2:   <td><%= user.login %></td>
3:   <td><%= user.email %></td>
4:   <td><%= user.created_at.to_s :short %></td>
5: </tr>

    app/views/users/_user.html.erb:2:in `_run_erb_47app47views47users47_user46html46erb'
    /opt/local/lib/ruby/gems/1.8/gems/actionpack-2.0.2/lib/action_view/base.rb:637:in `send'
    /opt/local/lib/ruby/gems/1.8/gems/actionpack-2.0.2/lib/action_view/base.rb:637:in `compile_and_render_template'
    /opt/local/lib/ruby/gems/1.8/gems/actionpack-2.0.2/lib/action_view/base.rb:365:in `render_template'
    /opt/local/lib/ruby/gems/1.8/gems/actionpack-2.0.2/lib/action_view/base.rb:316:in `render_file'
    /opt/local/lib/ruby/gems/1.8/gems/actionpack-2.0.2/lib/action_view/base.rb:331:in `render'
    /opt/local/lib/ruby/gems/1.8/gems/actionpack-2.0.2/lib/action_view/partials.rb:117:in `render_partial'
    /opt/local/lib/ruby/gems/1.8/gems/actionpack-2.0.2/lib/action_controller/benchmarking.rb:26:in `benchmark'
    /opt/local/lib/ruby/1.8/benchmark.rb:293:in `measure'
    /opt/local/lib/ruby/1.8/benchmark.rb:307:in `realtime'
    /opt/local/lib/ruby/gems/1.8/gems/actionpack-2.0.2/lib/action_controller/benchmarking.rb:26:in `benchmark'
    /opt/local/lib/ruby/gems/1.8/gems/actionpack-2.0.2/lib/action_view/partials.rb:116:in `render_partial'
    /opt/local/lib/ruby/gems/1.8/gems/actionpack-2.0.2/lib/action_view/base.rb:352:in `render'
    app/views/users/index.html.erb:8:in `_run_erb_47app47views47users47index46html46erb'
    /opt/local/lib/ruby/gems/1.8/gems/actionpack-2.0.2/lib/action_view/base.rb:637:in `send'
    /opt/local/lib/ruby/gems/1.8/gems/actionpack-2.0.2/lib/action_view/base.rb:637:in `compile_and_render_template'
    /opt/local/lib/ruby/gems/1.8/gems/actionpack-2.0.2/lib/action_view/base.rb:365:in `render_template'
    /opt/local/lib/ruby/gems/1.8/gems/actionpack-2.0.2/lib/action_view/base.rb:316:in `render_file'
    /opt/local/lib/ruby/gems/1.8/gems/actionpack-2.0.2/lib/action_controller/base.rb:1100:in `render_for_file'
    /opt/local/lib/ruby/gems/1.8/gems/actionpack-2.0.2/lib/action_controller/base.rb:836:in `render_with_no_layout'
    /opt/local/lib/ruby/gems/1.8/gems/actionpack-2.0.2/lib/action_controller/layout.rb:262:in `render_without_benchmark'
    /opt/local/lib/ruby/gems/1.8/gems/actionpack-2.0.2/lib/action_controller/benchmarking.rb:51:in `render'
    /opt/local/lib/ruby/1.8/benchmark.rb:293:in `measure'
    /opt/local/lib/ruby/gems/1.8/gems/actionpack-2.0.2/lib/action_controller/benchmarking.rb:51:in `render'
    /opt/local/lib/ruby/gems/1.8/gems/actionpack-2.0.2/lib/action_controller/base.rb:1153:in `default_render'
    /opt/local/lib/ruby/gems/1.8/gems/actionpack-2.0.2/lib/action_controller/base.rb:1159:in `perform_action_without_filters'
    /opt/local/lib/ruby/gems/1.8/gems/actionpack-2.0.2/lib/action_controller/filters.rb:697:in `call_filters'
    /opt/local/lib/ruby/gems/1.8/gems/actionpack-2.0.2/lib/action_controller/filters.rb:689:in `perform_action_without_benchmark'
    /opt/local/lib/ruby/gems/1.8/gems/actionpack-2.0.2/lib/action_controller/benchmarking.rb:68:in `perform_action_without_rescue'
    /opt/local/lib/ruby/1.8/benchmark.rb:293:in `measure'
    /opt/local/lib/ruby/gems/1.8/gems/actionpack-2.0.2/lib/action_controller/benchmarking.rb:68:in `perform_action_without_rescue'
    /opt/local/lib/ruby/gems/1.8/gems/actionpack-2.0.2/lib/action_controller/rescue.rb:199:in `perform_action_without_caching'
    /opt/local/lib/ruby/gems/1.8/gems/actionpack-2.0.2/lib/action_controller/caching.rb:678:in `perform_action'
    /opt/local/lib/ruby/gems/1.8/gems/activerecord-2.0.2/lib/active_record/connection_adapters/abstract/query_cache.rb:33:in `cache'
    /opt/local/lib/ruby/gems/1.8/gems/activerecord-2.0.2/lib/active_record/query_cache.rb:8:in `cache'
    /opt/local/lib/ruby/gems/1.8/gems/actionpack-2.0.2/lib/action_controller/caching.rb:677:in `perform_action'
    /opt/local/lib/ruby/gems/1.8/gems/actionpack-2.0.2/lib/action_controller/base.rb:524:in `send'
    /opt/local/lib/ruby/gems/1.8/gems/actionpack-2.0.2/lib/action_controller/base.rb:524:in `process_without_filters'
    /opt/local/lib/ruby/gems/1.8/gems/actionpack-2.0.2/lib/action_controller/filters.rb:685:in `process_without_session_management_support'
    /opt/local/lib/ruby/gems/1.8/gems/actionpack-2.0.2/lib/action_controller/session_management.rb:123:in `process'
    /opt/local/lib/ruby/gems/1.8/gems/actionpack-2.0.2/lib/action_controller/base.rb:388:in `process'
    /opt/local/lib/ruby/gems/1.8/gems/actionpack-2.0.2/lib/action_controller/dispatcher.rb:171:in `handle_request'
    /opt/local/lib/ruby/gems/1.8/gems/actionpack-2.0.2/lib/action_controller/dispatcher.rb:115:in `dispatch'
    /opt/local/lib/ruby/gems/1.8/gems/actionpack-2.0.2/lib/action_controller/dispatcher.rb:126:in `dispatch_cgi'
    /opt/local/lib/ruby/gems/1.8/gems/actionpack-2.0.2/lib/action_controller/dispatcher.rb:9:in `dispatch'
    /opt/local/lib/ruby/gems/1.8/gems/mongrel-1.1.4/lib/mongrel/rails.rb:76:in `process'
    /opt/local/lib/ruby/gems/1.8/gems/mongrel-1.1.4/lib/mongrel/rails.rb:74:in `synchronize'
    /opt/local/lib/ruby/gems/1.8/gems/mongrel-1.1.4/lib/mongrel/rails.rb:74:in `process'
    /opt/local/lib/ruby/gems/1.8/gems/mongrel-1.1.4/lib/mongrel.rb:159:in `process_client'
    /opt/local/lib/ruby/gems/1.8/gems/mongrel-1.1.4/lib/mongrel.rb:158:in `each'
    /opt/local/lib/ruby/gems/1.8/gems/mongrel-1.1.4/lib/mongrel.rb:158:in `process_client'
    /opt/local/lib/ruby/gems/1.8/gems/mongrel-1.1.4/lib/mongrel.rb:285:in `run'
    /opt/local/lib/ruby/gems/1.8/gems/mongrel-1.1.4/lib/mongrel.rb:285:in `initialize'
    /opt/local/lib/ruby/gems/1.8/gems/mongrel-1.1.4/lib/mongrel.rb:285:in `new'
    /opt/local/lib/ruby/gems/1.8/gems/mongrel-1.1.4/lib/mongrel.rb:285:in `run'
    /opt/local/lib/ruby/gems/1.8/gems/mongrel-1.1.4/lib/mongrel.rb:268:in `initialize'
    /opt/local/lib/ruby/gems/1.8/gems/mongrel-1.1.4/lib/mongrel.rb:268:in `new'
    /opt/local/lib/ruby/gems/1.8/gems/mongrel-1.1.4/lib/mongrel.rb:268:in `run'
    /opt/local/lib/ruby/gems/1.8/gems/mongrel-1.1.4/lib/mongrel/configurator.rb:282:in `run'
    /opt/local/lib/ruby/gems/1.8/gems/mongrel-1.1.4/lib/mongrel/configurator.rb:281:in `each'
    /opt/local/lib/ruby/gems/1.8/gems/mongrel-1.1.4/lib/mongrel/configurator.rb:281:in `run'
    /opt/local/lib/ruby/gems/1.8/gems/mongrel-1.1.4/bin/mongrel_rails:128:in `run'
    /opt/local/lib/ruby/gems/1.8/gems/mongrel-1.1.4/lib/mongrel/command.rb:212:in `run'
    /opt/local/lib/ruby/gems/1.8/gems/mongrel-1.1.4/bin/mongrel_rails:281
    /opt/local/bin/mongrel_rails:19:in `load'
    /opt/local/bin/mongrel_rails:19

Rendering /opt/local/lib/ruby/gems/1.8/gems/actionpack-2.0.2/lib/action_controller/templates/rescues/layout.erb (internal_server_error)


Processing UsersController#index (for 127.0.0.1 at 2008-04-27 14:42:32) [GET]
  Session ID: BAh7CToOcmV0dXJuX3RvMDoMdXNlcl9pZGkGOgxjc3JmX2lkIiVkN2EzNGE2%0ANTc0ZjZkNTQ2YTRhMzlhY2I4ZWE4NmZiMCIKZmxhc2hJQzonQWN0aW9uQ29u%0AdHJvbGxlcjo6Rmxhc2g6OkZsYXNoSGFzaHsABjoKQHVzZWR7AA%3D%3D--8a8aed31d6000cf0cd51ba66a59f7c35b3d4091e
  Parameters: {"action"=>"index", "controller"=>"users"}
Rendering template within layouts/application
Rendering users/index


ActionView::TemplateError (undefined method `put' for #<ActionView::Base:0x275b244>) on line #2 of users/_user.html.erb:
1: <tr>
2:   <% put user.inspect %>
3:   <td><%= user.login %></td>
4:   <td><%= user.email %></td>
5:   <td><%= user.created_at.to_s :short %></td>

    app/views/users/_user.html.erb:2:in `_run_erb_47app47views47users47_user46html46erb'
    /opt/local/lib/ruby/gems/1.8/gems/actionpack-2.0.2/lib/action_view/base.rb:637:in `send'
    /opt/local/lib/ruby/gems/1.8/gems/actionpack-2.0.2/lib/action_view/base.rb:637:in `compile_and_render_template'
    /opt/local/lib/ruby/gems/1.8/gems/actionpack-2.0.2/lib/action_view/base.rb:365:in `render_template'
    /opt/local/lib/ruby/gems/1.8/gems/actionpack-2.0.2/lib/action_view/base.rb:316:in `render_file'
    /opt/local/lib/ruby/gems/1.8/gems/actionpack-2.0.2/lib/action_view/base.rb:331:in `render'
    /opt/local/lib/ruby/gems/1.8/gems/actionpack-2.0.2/lib/action_view/partials.rb:117:in `render_partial'
    /opt/local/lib/ruby/gems/1.8/gems/actionpack-2.0.2/lib/action_controller/benchmarking.rb:26:in `benchmark'
    /opt/local/lib/ruby/1.8/benchmark.rb:293:in `measure'
    /opt/local/lib/ruby/1.8/benchmark.rb:307:in `realtime'
    /opt/local/lib/ruby/gems/1.8/gems/actionpack-2.0.2/lib/action_controller/benchmarking.rb:26:in `benchmark'
    /opt/local/lib/ruby/gems/1.8/gems/actionpack-2.0.2/lib/action_view/partials.rb:116:in `render_partial'
    /opt/local/lib/ruby/gems/1.8/gems/actionpack-2.0.2/lib/action_view/base.rb:352:in `render'
    app/views/users/index.html.erb:8:in `_run_erb_47app47views47users47index46html46erb'
    /opt/local/lib/ruby/gems/1.8/gems/actionpack-2.0.2/lib/action_view/base.rb:637:in `send'
    /opt/local/lib/ruby/gems/1.8/gems/actionpack-2.0.2/lib/action_view/base.rb:637:in `compile_and_render_template'
    /opt/local/lib/ruby/gems/1.8/gems/actionpack-2.0.2/lib/action_view/base.rb:365:in `render_template'
    /opt/local/lib/ruby/gems/1.8/gems/actionpack-2.0.2/lib/action_view/base.rb:316:in `render_file'
    /opt/local/lib/ruby/gems/1.8/gems/actionpack-2.0.2/lib/action_controller/base.rb:1100:in `render_for_file'
    /opt/local/lib/ruby/gems/1.8/gems/actionpack-2.0.2/lib/action_controller/base.rb:836:in `render_with_no_layout'
    /opt/local/lib/ruby/gems/1.8/gems/actionpack-2.0.2/lib/action_controller/layout.rb:262:in `render_without_benchmark'
    /opt/local/lib/ruby/gems/1.8/gems/actionpack-2.0.2/lib/action_controller/benchmarking.rb:51:in `render'
    /opt/local/lib/ruby/1.8/benchmark.rb:293:in `measure'
    /opt/local/lib/ruby/gems/1.8/gems/actionpack-2.0.2/lib/action_controller/benchmarking.rb:51:in `render'
    /opt/local/lib/ruby/gems/1.8/gems/actionpack-2.0.2/lib/action_controller/base.rb:1153:in `default_render'
    /opt/local/lib/ruby/gems/1.8/gems/actionpack-2.0.2/lib/action_controller/base.rb:1159:in `perform_action_without_filters'
    /opt/local/lib/ruby/gems/1.8/gems/actionpack-2.0.2/lib/action_controller/filters.rb:697:in `call_filters'
    /opt/local/lib/ruby/gems/1.8/gems/actionpack-2.0.2/lib/action_controller/filters.rb:689:in `perform_action_without_benchmark'
    /opt/local/lib/ruby/gems/1.8/gems/actionpack-2.0.2/lib/action_controller/benchmarking.rb:68:in `perform_action_without_rescue'
    /opt/local/lib/ruby/1.8/benchmark.rb:293:in `measure'
    /opt/local/lib/ruby/gems/1.8/gems/actionpack-2.0.2/lib/action_controller/benchmarking.rb:68:in `perform_action_without_rescue'
    /opt/local/lib/ruby/gems/1.8/gems/actionpack-2.0.2/lib/action_controller/rescue.rb:199:in `perform_action_without_caching'
    /opt/local/lib/ruby/gems/1.8/gems/actionpack-2.0.2/lib/action_controller/caching.rb:678:in `perform_action'
    /opt/local/lib/ruby/gems/1.8/gems/activerecord-2.0.2/lib/active_record/connection_adapters/abstract/query_cache.rb:33:in `cache'
    /opt/local/lib/ruby/gems/1.8/gems/activerecord-2.0.2/lib/active_record/query_cache.rb:8:in `cache'
    /opt/local/lib/ruby/gems/1.8/gems/actionpack-2.0.2/lib/action_controller/caching.rb:677:in `perform_action'
    /opt/local/lib/ruby/gems/1.8/gems/actionpack-2.0.2/lib/action_controller/base.rb:524:in `send'
    /opt/local/lib/ruby/gems/1.8/gems/actionpack-2.0.2/lib/action_controller/base.rb:524:in `process_without_filters'
    /opt/local/lib/ruby/gems/1.8/gems/actionpack-2.0.2/lib/action_controller/filters.rb:685:in `process_without_session_management_support'
    /opt/local/lib/ruby/gems/1.8/gems/actionpack-2.0.2/lib/action_controller/session_management.rb:123:in `process'
    /opt/local/lib/ruby/gems/1.8/gems/actionpack-2.0.2/lib/action_controller/base.rb:388:in `process'
    /opt/local/lib/ruby/gems/1.8/gems/actionpack-2.0.2/lib/action_controller/dispatcher.rb:171:in `handle_request'
    /opt/local/lib/ruby/gems/1.8/gems/actionpack-2.0.2/lib/action_controller/dispatcher.rb:115:in `dispatch'
    /opt/local/lib/ruby/gems/1.8/gems/actionpack-2.0.2/lib/action_controller/dispatcher.rb:126:in `dispatch_cgi'
    /opt/local/lib/ruby/gems/1.8/gems/actionpack-2.0.2/lib/action_controller/dispatcher.rb:9:in `dispatch'
    /opt/local/lib/ruby/gems/1.8/gems/mongrel-1.1.4/lib/mongrel/rails.rb:76:in `process'
    /opt/local/lib/ruby/gems/1.8/gems/mongrel-1.1.4/lib/mongrel/rails.rb:74:in `synchronize'
    /opt/local/lib/ruby/gems/1.8/gems/mongrel-1.1.4/lib/mongrel/rails.rb:74:in `process'
    /opt/local/lib/ruby/gems/1.8/gems/mongrel-1.1.4/lib/mongrel.rb:159:in `process_client'
    /opt/local/lib/ruby/gems/1.8/gems/mongrel-1.1.4/lib/mongrel.rb:158:in `each'
    /opt/local/lib/ruby/gems/1.8/gems/mongrel-1.1.4/lib/mongrel.rb:158:in `process_client'
    /opt/local/lib/ruby/gems/1.8/gems/mongrel-1.1.4/lib/mongrel.rb:285:in `run'
    /opt/local/lib/ruby/gems/1.8/gems/mongrel-1.1.4/lib/mongrel.rb:285:in `initialize'
    /opt/local/lib/ruby/gems/1.8/gems/mongrel-1.1.4/lib/mongrel.rb:285:in `new'
    /opt/local/lib/ruby/gems/1.8/gems/mongrel-1.1.4/lib/mongrel.rb:285:in `run'
    /opt/local/lib/ruby/gems/1.8/gems/mongrel-1.1.4/lib/mongrel.rb:268:in `initialize'
    /opt/local/lib/ruby/gems/1.8/gems/mongrel-1.1.4/lib/mongrel.rb:268:in `new'
    /opt/local/lib/ruby/gems/1.8/gems/mongrel-1.1.4/lib/mongrel.rb:268:in `run'
    /opt/local/lib/ruby/gems/1.8/gems/mongrel-1.1.4/lib/mongrel/configurator.rb:282:in `run'
    /opt/local/lib/ruby/gems/1.8/gems/mongrel-1.1.4/lib/mongrel/configurator.rb:281:in `each'
    /opt/local/lib/ruby/gems/1.8/gems/mongrel-1.1.4/lib/mongrel/configurator.rb:281:in `run'
    /opt/local/lib/ruby/gems/1.8/gems/mongrel-1.1.4/bin/mongrel_rails:128:in `run'
    /opt/local/lib/ruby/gems/1.8/gems/mongrel-1.1.4/lib/mongrel/command.rb:212:in `run'
    /opt/local/lib/ruby/gems/1.8/gems/mongrel-1.1.4/bin/mongrel_rails:281
    /opt/local/bin/mongrel_rails:19:in `load'
    /opt/local/bin/mongrel_rails:19

Rendering /opt/local/lib/ruby/gems/1.8/gems/actionpack-2.0.2/lib/action_controller/templates/rescues/layout.erb (internal_server_error)


Processing UsersController#index (for 127.0.0.1 at 2008-04-27 14:42:37) [GET]
  Session ID: BAh7CToOcmV0dXJuX3RvMDoMdXNlcl9pZGkGOgxjc3JmX2lkIiVkN2EzNGE2%0ANTc0ZjZkNTQ2YTRhMzlhY2I4ZWE4NmZiMCIKZmxhc2hJQzonQWN0aW9uQ29u%0AdHJvbGxlcjo6Rmxhc2g6OkZsYXNoSGFzaHsABjoKQHVzZWR7AA%3D%3D--8a8aed31d6000cf0cd51ba66a59f7c35b3d4091e
  Parameters: {"action"=>"index", "controller"=>"users"}
Rendering template within layouts/application
Rendering users/index


ActionView::TemplateError (You have a nil object when you didn't expect it!
The error occurred while evaluating nil.login) on line #3 of users/_user.html.erb:
1: <tr>
2:   <% puts user.inspect %>
3:   <td><%= user.login %></td>
4:   <td><%= user.email %></td>
5:   <td><%= user.created_at.to_s :short %></td>
6: </tr>

    app/views/users/_user.html.erb:3:in `_run_erb_47app47views47users47_user46html46erb'
    /opt/local/lib/ruby/gems/1.8/gems/actionpack-2.0.2/lib/action_view/base.rb:637:in `send'
    /opt/local/lib/ruby/gems/1.8/gems/actionpack-2.0.2/lib/action_view/base.rb:637:in `compile_and_render_template'
    /opt/local/lib/ruby/gems/1.8/gems/actionpack-2.0.2/lib/action_view/base.rb:365:in `render_template'
    /opt/local/lib/ruby/gems/1.8/gems/actionpack-2.0.2/lib/action_view/base.rb:316:in `render_file'
    /opt/local/lib/ruby/gems/1.8/gems/actionpack-2.0.2/lib/action_view/base.rb:331:in `render'
    /opt/local/lib/ruby/gems/1.8/gems/actionpack-2.0.2/lib/action_view/partials.rb:117:in `render_partial'
    /opt/local/lib/ruby/gems/1.8/gems/actionpack-2.0.2/lib/action_controller/benchmarking.rb:26:in `benchmark'
    /opt/local/lib/ruby/1.8/benchmark.rb:293:in `measure'
    /opt/local/lib/ruby/1.8/benchmark.rb:307:in `realtime'
    /opt/local/lib/ruby/gems/1.8/gems/actionpack-2.0.2/lib/action_controller/benchmarking.rb:26:in `benchmark'
    /opt/local/lib/ruby/gems/1.8/gems/actionpack-2.0.2/lib/action_view/partials.rb:116:in `render_partial'
    /opt/local/lib/ruby/gems/1.8/gems/actionpack-2.0.2/lib/action_view/base.rb:352:in `render'
    app/views/users/index.html.erb:8:in `_run_erb_47app47views47users47index46html46erb'
    /opt/local/lib/ruby/gems/1.8/gems/actionpack-2.0.2/lib/action_view/base.rb:637:in `send'
    /opt/local/lib/ruby/gems/1.8/gems/actionpack-2.0.2/lib/action_view/base.rb:637:in `compile_and_render_template'
    /opt/local/lib/ruby/gems/1.8/gems/actionpack-2.0.2/lib/action_view/base.rb:365:in `render_template'
    /opt/local/lib/ruby/gems/1.8/gems/actionpack-2.0.2/lib/action_view/base.rb:316:in `render_file'
    /opt/local/lib/ruby/gems/1.8/gems/actionpack-2.0.2/lib/action_controller/base.rb:1100:in `render_for_file'
    /opt/local/lib/ruby/gems/1.8/gems/actionpack-2.0.2/lib/action_controller/base.rb:836:in `render_with_no_layout'
    /opt/local/lib/ruby/gems/1.8/gems/actionpack-2.0.2/lib/action_controller/layout.rb:262:in `render_without_benchmark'
    /opt/local/lib/ruby/gems/1.8/gems/actionpack-2.0.2/lib/action_controller/benchmarking.rb:51:in `render'
    /opt/local/lib/ruby/1.8/benchmark.rb:293:in `measure'
    /opt/local/lib/ruby/gems/1.8/gems/actionpack-2.0.2/lib/action_controller/benchmarking.rb:51:in `render'
    /opt/local/lib/ruby/gems/1.8/gems/actionpack-2.0.2/lib/action_controller/base.rb:1153:in `default_render'
    /opt/local/lib/ruby/gems/1.8/gems/actionpack-2.0.2/lib/action_controller/base.rb:1159:in `perform_action_without_filters'
    /opt/local/lib/ruby/gems/1.8/gems/actionpack-2.0.2/lib/action_controller/filters.rb:697:in `call_filters'
    /opt/local/lib/ruby/gems/1.8/gems/actionpack-2.0.2/lib/action_controller/filters.rb:689:in `perform_action_without_benchmark'
    /opt/local/lib/ruby/gems/1.8/gems/actionpack-2.0.2/lib/action_controller/benchmarking.rb:68:in `perform_action_without_rescue'
    /opt/local/lib/ruby/1.8/benchmark.rb:293:in `measure'
    /opt/local/lib/ruby/gems/1.8/gems/actionpack-2.0.2/lib/action_controller/benchmarking.rb:68:in `perform_action_without_rescue'
    /opt/local/lib/ruby/gems/1.8/gems/actionpack-2.0.2/lib/action_controller/rescue.rb:199:in `perform_action_without_caching'
    /opt/local/lib/ruby/gems/1.8/gems/actionpack-2.0.2/lib/action_controller/caching.rb:678:in `perform_action'
    /opt/local/lib/ruby/gems/1.8/gems/activerecord-2.0.2/lib/active_record/connection_adapters/abstract/query_cache.rb:33:in `cache'
    /opt/local/lib/ruby/gems/1.8/gems/activerecord-2.0.2/lib/active_record/query_cache.rb:8:in `cache'
    /opt/local/lib/ruby/gems/1.8/gems/actionpack-2.0.2/lib/action_controller/caching.rb:677:in `perform_action'
    /opt/local/lib/ruby/gems/1.8/gems/actionpack-2.0.2/lib/action_controller/base.rb:524:in `send'
    /opt/local/lib/ruby/gems/1.8/gems/actionpack-2.0.2/lib/action_controller/base.rb:524:in `process_without_filters'
    /opt/local/lib/ruby/gems/1.8/gems/actionpack-2.0.2/lib/action_controller/filters.rb:685:in `process_without_session_management_support'
    /opt/local/lib/ruby/gems/1.8/gems/actionpack-2.0.2/lib/action_controller/session_management.rb:123:in `process'
    /opt/local/lib/ruby/gems/1.8/gems/actionpack-2.0.2/lib/action_controller/base.rb:388:in `process'
    /opt/local/lib/ruby/gems/1.8/gems/actionpack-2.0.2/lib/action_controller/dispatcher.rb:171:in `handle_request'
    /opt/local/lib/ruby/gems/1.8/gems/actionpack-2.0.2/lib/action_controller/dispatcher.rb:115:in `dispatch'
    /opt/local/lib/ruby/gems/1.8/gems/actionpack-2.0.2/lib/action_controller/dispatcher.rb:126:in `dispatch_cgi'
    /opt/local/lib/ruby/gems/1.8/gems/actionpack-2.0.2/lib/action_controller/dispatcher.rb:9:in `dispatch'
    /opt/local/lib/ruby/gems/1.8/gems/mongrel-1.1.4/lib/mongrel/rails.rb:76:in `process'
    /opt/local/lib/ruby/gems/1.8/gems/mongrel-1.1.4/lib/mongrel/rails.rb:74:in `synchronize'
    /opt/local/lib/ruby/gems/1.8/gems/mongrel-1.1.4/lib/mongrel/rails.rb:74:in `process'
    /opt/local/lib/ruby/gems/1.8/gems/mongrel-1.1.4/lib/mongrel.rb:159:in `process_client'
    /opt/local/lib/ruby/gems/1.8/gems/mongrel-1.1.4/lib/mongrel.rb:158:in `each'
    /opt/local/lib/ruby/gems/1.8/gems/mongrel-1.1.4/lib/mongrel.rb:158:in `process_client'
    /opt/local/lib/ruby/gems/1.8/gems/mongrel-1.1.4/lib/mongrel.rb:285:in `run'
    /opt/local/lib/ruby/gems/1.8/gems/mongrel-1.1.4/lib/mongrel.rb:285:in `initialize'
    /opt/local/lib/ruby/gems/1.8/gems/mongrel-1.1.4/lib/mongrel.rb:285:in `new'
    /opt/local/lib/ruby/gems/1.8/gems/mongrel-1.1.4/lib/mongrel.rb:285:in `run'
    /opt/local/lib/ruby/gems/1.8/gems/mongrel-1.1.4/lib/mongrel.rb:268:in `initialize'
    /opt/local/lib/ruby/gems/1.8/gems/mongrel-1.1.4/lib/mongrel.rb:268:in `new'
    /opt/local/lib/ruby/gems/1.8/gems/mongrel-1.1.4/lib/mongrel.rb:268:in `run'
    /opt/local/lib/ruby/gems/1.8/gems/mongrel-1.1.4/lib/mongrel/configurator.rb:282:in `run'
    /opt/local/lib/ruby/gems/1.8/gems/mongrel-1.1.4/lib/mongrel/configurator.rb:281:in `each'
    /opt/local/lib/ruby/gems/1.8/gems/mongrel-1.1.4/lib/mongrel/configurator.rb:281:in `run'
    /opt/local/lib/ruby/gems/1.8/gems/mongrel-1.1.4/bin/mongrel_rails:128:in `run'
    /opt/local/lib/ruby/gems/1.8/gems/mongrel-1.1.4/lib/mongrel/command.rb:212:in `run'
    /opt/local/lib/ruby/gems/1.8/gems/mongrel-1.1.4/bin/mongrel_rails:281
    /opt/local/bin/mongrel_rails:19:in `load'
    /opt/local/bin/mongrel_rails:19

Rendering /opt/local/lib/ruby/gems/1.8/gems/actionpack-2.0.2/lib/action_controller/templates/rescues/layout.erb (internal_server_error)


Processing UsersController#index (for 127.0.0.1 at 2008-04-27 14:42:54) [GET]
  Session ID: BAh7CToOcmV0dXJuX3RvMDoMdXNlcl9pZGkGOgxjc3JmX2lkIiVkN2EzNGE2%0ANTc0ZjZkNTQ2YTRhMzlhY2I4ZWE4NmZiMCIKZmxhc2hJQzonQWN0aW9uQ29u%0AdHJvbGxlcjo6Rmxhc2g6OkZsYXNoSGFzaHsABjoKQHVzZWR7AA%3D%3D--8a8aed31d6000cf0cd51ba66a59f7c35b3d4091e
  Parameters: {"action"=>"index", "controller"=>"users"}
  [4;36;1mUser Load (0.000361)[0m   [0;1mSELECT * FROM `users` [0m
Rendering template within layouts/application
Rendering users/index
  [4;35;1mUser Columns (0.001465)[0m   [0mSHOW FIELDS FROM `users`[0m
Rendered users/_user (0.08445)
Rendered users/_user (0.00021)
Completed in 0.14287 (6 reqs/sec) | Rendering: 0.13311 (93%) | DB: 0.00183 (1%) | 200 OK [http://localhost/]
